{"/home/ubuntu/workspace/Short-it/generateNewUrl.js":{"path":"/home/ubuntu/workspace/Short-it/generateNewUrl.js","s":{"1":1,"2":1,"3":1,"4":1,"5":2,"6":2,"7":1,"8":2,"9":2,"10":2,"11":1,"12":1,"13":1,"14":1,"15":2,"16":1,"17":0,"18":0,"19":1,"20":2,"21":2,"22":1,"23":0,"24":1,"25":1,"26":2,"27":0,"28":0,"29":2},"b":{"1":[2,0],"2":[1,1],"3":[0,1],"4":[0,2]},"f":{"1":2,"2":2,"3":2,"4":0,"5":2,"6":1},"fnMap":{"1":{"name":"(anonymous_1)","line":4,"loc":{"start":{"line":4,"column":20},"end":{"line":4,"column":54}}},"2":{"name":"generateNewUrl","line":8,"loc":{"start":{"line":8,"column":4},"end":{"line":8,"column":31}}},"3":{"name":"(anonymous_3)","line":22,"loc":{"start":{"line":22,"column":23},"end":{"line":22,"column":34}}},"4":{"name":"(anonymous_4)","line":26,"loc":{"start":{"line":26,"column":21},"end":{"line":26,"column":33}}},"5":{"name":"(anonymous_5)","line":31,"loc":{"start":{"line":31,"column":16},"end":{"line":31,"column":28}}},"6":{"name":"(anonymous_6)","line":33,"loc":{"start":{"line":33,"column":22},"end":{"line":33,"column":42}}}},"statementMap":{"1":{"start":{"line":1,"column":0},"end":{"line":1,"column":29}},"2":{"start":{"line":2,"column":0},"end":{"line":2,"column":37}},"3":{"start":{"line":3,"column":0},"end":{"line":3,"column":24}},"4":{"start":{"line":4,"column":0},"end":{"line":21,"column":1}},"5":{"start":{"line":5,"column":4},"end":{"line":5,"column":40}},"6":{"start":{"line":6,"column":4},"end":{"line":6,"column":21}},"7":{"start":{"line":8,"column":4},"end":{"line":20,"column":5}},"8":{"start":{"line":10,"column":8},"end":{"line":19,"column":9}},"9":{"start":{"line":11,"column":12},"end":{"line":11,"column":67}},"10":{"start":{"line":13,"column":12},"end":{"line":18,"column":40}},"11":{"start":{"line":14,"column":16},"end":{"line":14,"column":43}},"12":{"start":{"line":15,"column":16},"end":{"line":15,"column":52}},"13":{"start":{"line":18,"column":16},"end":{"line":18,"column":40}},"14":{"start":{"line":22,"column":0},"end":{"line":24,"column":1}},"15":{"start":{"line":23,"column":4},"end":{"line":23,"column":47}},"16":{"start":{"line":26,"column":0},"end":{"line":29,"column":1}},"17":{"start":{"line":27,"column":4},"end":{"line":27,"column":36}},"18":{"start":{"line":28,"column":4},"end":{"line":28,"column":39}},"19":{"start":{"line":31,"column":0},"end":{"line":46,"column":1}},"20":{"start":{"line":32,"column":4},"end":{"line":32,"column":9}},"21":{"start":{"line":33,"column":4},"end":{"line":39,"column":6}},"22":{"start":{"line":34,"column":8},"end":{"line":34,"column":26}},"23":{"start":{"line":34,"column":17},"end":{"line":34,"column":26}},"24":{"start":{"line":35,"column":8},"end":{"line":35,"column":38}},"25":{"start":{"line":36,"column":8},"end":{"line":36,"column":16}},"26":{"start":{"line":41,"column":4},"end":{"line":45,"column":20}},"27":{"start":{"line":42,"column":8},"end":{"line":42,"column":29}},"28":{"start":{"line":43,"column":8},"end":{"line":43,"column":20}},"29":{"start":{"line":45,"column":9},"end":{"line":45,"column":20}}},"branchMap":{"1":{"line":10,"type":"if","locations":[{"start":{"line":10,"column":8},"end":{"line":10,"column":8}},{"start":{"line":10,"column":8},"end":{"line":10,"column":8}}]},"2":{"line":13,"type":"if","locations":[{"start":{"line":13,"column":12},"end":{"line":13,"column":12}},{"start":{"line":13,"column":12},"end":{"line":13,"column":12}}]},"3":{"line":34,"type":"if","locations":[{"start":{"line":34,"column":8},"end":{"line":34,"column":8}},{"start":{"line":34,"column":8},"end":{"line":34,"column":8}}]},"4":{"line":41,"type":"if","locations":[{"start":{"line":41,"column":4},"end":{"line":41,"column":4}},{"start":{"line":41,"column":4},"end":{"line":41,"column":4}}]}}},"/home/ubuntu/workspace/Short-it/shortDb.js":{"path":"/home/ubuntu/workspace/Short-it/shortDb.js","s":{"1":1,"2":1,"3":1,"4":1,"5":1,"6":1,"7":1,"8":1,"9":1,"10":1,"11":1,"12":1,"13":0,"14":0,"15":0,"16":1,"17":4,"18":3,"19":0,"20":3},"b":{"1":[1,1],"2":[0,0],"3":[0,3]},"f":{"1":1,"2":0,"3":4,"4":3},"fnMap":{"1":{"name":"(anonymous_1)","line":21,"loc":{"start":{"line":21,"column":18},"end":{"line":21,"column":44}}},"2":{"name":"(anonymous_2)","line":25,"loc":{"start":{"line":25,"column":9},"end":{"line":25,"column":26}}},"3":{"name":"(anonymous_3)","line":32,"loc":{"start":{"line":32,"column":17},"end":{"line":32,"column":42}}},"4":{"name":"(anonymous_4)","line":35,"loc":{"start":{"line":35,"column":13},"end":{"line":35,"column":33}}}},"statementMap":{"1":{"start":{"line":1,"column":0},"end":{"line":1,"column":33}},"2":{"start":{"line":2,"column":0},"end":{"line":2,"column":35}},"3":{"start":{"line":3,"column":0},"end":{"line":3,"column":67}},"4":{"start":{"line":4,"column":0},"end":{"line":4,"column":48}},"5":{"start":{"line":5,"column":0},"end":{"line":5,"column":21}},"6":{"start":{"line":7,"column":0},"end":{"line":10,"column":2}},"7":{"start":{"line":19,"column":0},"end":{"line":19,"column":48}},"8":{"start":{"line":21,"column":0},"end":{"line":30,"column":1}},"9":{"start":{"line":22,"column":2},"end":{"line":22,"column":24}},"10":{"start":{"line":23,"column":2},"end":{"line":23,"column":18}},"11":{"start":{"line":24,"column":2},"end":{"line":24,"column":19}},"12":{"start":{"line":25,"column":2},"end":{"line":29,"column":4}},"13":{"start":{"line":26,"column":4},"end":{"line":28,"column":48}},"14":{"start":{"line":26,"column":13},"end":{"line":26,"column":31}},"15":{"start":{"line":28,"column":6},"end":{"line":28,"column":48}},"16":{"start":{"line":32,"column":0},"end":{"line":40,"column":1}},"17":{"start":{"line":33,"column":2},"end":{"line":39,"column":4}},"18":{"start":{"line":36,"column":4},"end":{"line":38,"column":26}},"19":{"start":{"line":36,"column":13},"end":{"line":36,"column":26}},"20":{"start":{"line":38,"column":6},"end":{"line":38,"column":26}}},"branchMap":{"1":{"line":4,"type":"binary-expr","locations":[{"start":{"line":4,"column":10},"end":{"line":4,"column":33}},{"start":{"line":4,"column":37},"end":{"line":4,"column":48}}]},"2":{"line":26,"type":"if","locations":[{"start":{"line":26,"column":4},"end":{"line":26,"column":4}},{"start":{"line":26,"column":4},"end":{"line":26,"column":4}}]},"3":{"line":36,"type":"if","locations":[{"start":{"line":36,"column":4},"end":{"line":36,"column":4}},{"start":{"line":36,"column":4},"end":{"line":36,"column":4}}]}}}}