TN:
SF:/home/ubuntu/workspace/Short-it/generateNewUrl.js
FN:4,(anonymous_1)
FN:8,generateNewUrl
FN:22,(anonymous_3)
FN:26,(anonymous_4)
FN:31,(anonymous_5)
FN:33,(anonymous_6)
FNF:6
FNH:5
FNDA:2,(anonymous_1)
FNDA:2,generateNewUrl
FNDA:2,(anonymous_3)
FNDA:0,(anonymous_4)
FNDA:2,(anonymous_5)
FNDA:1,(anonymous_6)
DA:1,1
DA:2,1
DA:3,1
DA:4,1
DA:5,2
DA:6,2
DA:8,1
DA:10,2
DA:11,2
DA:13,2
DA:14,1
DA:15,1
DA:18,1
DA:22,1
DA:23,2
DA:26,1
DA:27,0
DA:28,0
DA:31,1
DA:32,2
DA:33,2
DA:34,1
DA:35,1
DA:36,1
DA:41,2
DA:42,0
DA:43,0
DA:45,2
LF:28
LH:24
BRDA:10,1,0,2
BRDA:10,1,1,0
BRDA:13,2,0,1
BRDA:13,2,1,1
BRDA:34,3,0,0
BRDA:34,3,1,1
BRDA:41,4,0,0
BRDA:41,4,1,2
BRF:8
BRH:5
end_of_record
TN:
SF:/home/ubuntu/workspace/Short-it/shortDb.js
FN:21,(anonymous_1)
FN:25,(anonymous_2)
FN:32,(anonymous_3)
FN:35,(anonymous_4)
FNF:4
FNH:3
FNDA:1,(anonymous_1)
FNDA:0,(anonymous_2)
FNDA:4,(anonymous_3)
FNDA:3,(anonymous_4)
DA:1,1
DA:2,1
DA:3,1
DA:4,1
DA:5,1
DA:7,1
DA:19,1
DA:21,1
DA:22,1
DA:23,1
DA:24,1
DA:25,1
DA:26,0
DA:28,0
DA:32,1
DA:33,4
DA:36,3
DA:38,3
LF:18
LH:16
BRDA:4,1,0,1
BRDA:4,1,1,1
BRDA:26,2,0,0
BRDA:26,2,1,0
BRDA:36,3,0,0
BRDA:36,3,1,3
BRF:6
BRH:3
end_of_record
